[2018-12-17 15:47:41] INFO [main: CodeCraft-2019.py, 21] car_path is config/car.txt
[2018-12-17 15:47:41] INFO [main: CodeCraft-2019.py, 22] road_path is config/road.txt
[2018-12-17 15:47:41] INFO [main: CodeCraft-2019.py, 23] cross_path is config/cross.txt
[2018-12-17 15:47:41] INFO [main: CodeCraft-2019.py, 24] answer_path is config/answer.txt[2019-03-15 15:47:07] INFO [main: CodeCraft-2019.py, 21] car_path is config/car.txt
[2019-03-15 15:47:07] INFO [main: CodeCraft-2019.py, 22] road_path is config/road.txt
[2019-03-15 15:47:07] INFO [main: CodeCraft-2019.py, 23] cross_path is config/cross.txt
[2019-03-15 15:47:07] INFO [main: CodeCraft-2019.py, 24] answer_path is config/answer.txt
[2019-03-16 11:22:46] INFO [main: CodeCraft-2019.py, 13] please input args: car_path, road_path, cross_path, answerPath
[2019-03-16 11:22:52] INFO [main: CodeCraft-2019.py, 13] please input args: car_path, road_path, cross_path, answerPath
[2019-03-16 11:24:12] INFO [main: CodeCraft-2019.py, 17] please input args: car_path, road_path, cross_path, answerPath
[2019-03-16 11:25:53] INFO [main: CodeCraft-2019.py, 18] please input args: car_path, road_path, cross_path, answerPath
[2019-03-16 11:26:13] INFO [main: CodeCraft-2019.py, 18] please input args: car_path, road_path, cross_path, answerPath
[2019-03-16 11:27:00] INFO [main: CodeCraft-2019.py, 19] please input args: car_path, road_path, cross_path, answerPath
[2019-03-17 15:50:58] INFO [main: CodeCraft-2019.py, 26] please input args: car_path, road_path, cross_path, answerPath
[2019-03-17 15:52:25] INFO [main: CodeCraft-2019.py, 26] please input args: car_path, road_path, cross_path, answerPath
[2019-04-04 11:38:41] INFO [main: CodeCraft-2019.py, 165] please input args: car_path, road_path, cross_path, answerPath
[2019-04-04 11:42:24] INFO [main: CodeCraft-2019.py, 165] please input args: car_path, road_path, cross_path, answerPath
[2019-04-04 11:44:22] INFO [main: CodeCraft-2019.py, 174] car_path is ../2-map-exam-1/car.txt
[2019-04-04 11:44:22] INFO [main: CodeCraft-2019.py, 175] road_path is ../2-map-exam-1/road.txt
[2019-04-04 11:44:22] INFO [main: CodeCraft-2019.py, 176] cross_path is ../2-map-exam-1/cross.txt
[2019-04-04 11:44:22] INFO [main: CodeCraft-2019.py, 177] preset_answer_path is ../2-map-exam-1/presetAnswer.txt
[2019-04-04 11:44:22] INFO [main: CodeCraft-2019.py, 178] answer_path is ../2-map-exam-1/answer2.txt
[2019-04-04 11:46:04] INFO [main: CodeCraft-2019.py, 174] car_path is ../2-map-training-1/car.txt
[2019-04-04 11:46:04] INFO [main: CodeCraft-2019.py, 175] road_path is ../2-map-training-1/road.txt
[2019-04-04 11:46:04] INFO [main: CodeCraft-2019.py, 176] cross_path is ../2-map-training-1/cross.txt
[2019-04-04 11:46:04] INFO [main: CodeCraft-2019.py, 177] preset_answer_path is ../2-map-training-1/presetAnswer.txt
[2019-04-04 11:46:04] INFO [main: CodeCraft-2019.py, 178] answer_path is ../2-map-training-1/answer.txt
[2019-04-05 10:13:36] INFO [main: CodeCraft-2019.py, 207] car_path is ../2-map-training-1/car.txt
[2019-04-05 10:13:36] INFO [main: CodeCraft-2019.py, 208] road_path is ../2-map-training-1/road.txt
[2019-04-05 10:13:36] INFO [main: CodeCraft-2019.py, 209] cross_path is ../2-map-training-1/cross.txt
[2019-04-05 10:13:36] INFO [main: CodeCraft-2019.py, 210] preset_answer_path is ../2-map-training-1/presetAnswer.txt
[2019-04-05 10:13:36] INFO [main: CodeCraft-2019.py, 211] answer_path is ../2-map-training-1/answer.txt
[2019-04-07 11:09:21] INFO [main: CodeCraft-2019.py, 207] car_path is ../2-map-training-1/car.txt
[2019-04-07 11:09:21] INFO [main: CodeCraft-2019.py, 208] road_path is ../2-map-training-1/road.txt
[2019-04-07 11:09:21] INFO [main: CodeCraft-2019.py, 209] cross_path is ../2-map-training-1/cross.txt
[2019-04-07 11:09:21] INFO [main: CodeCraft-2019.py, 210] preset_answer_path is ../2-map-training-1/presetAnswer.txt
[2019-04-07 11:09:21] INFO [main: CodeCraft-2019.py, 211] answer_path is ../2-map-training-1/answer.txt
[2019-04-07 11:14:33] INFO [main: CodeCraft-2019.py, 207] car_path is ../2-map-training-1/car.txt
[2019-04-07 11:14:33] INFO [main: CodeCraft-2019.py, 208] road_path is ../2-map-training-1/road.txt
[2019-04-07 11:14:33] INFO [main: CodeCraft-2019.py, 209] cross_path is ../2-map-training-1/cross.txt
[2019-04-07 11:14:33] INFO [main: CodeCraft-2019.py, 210] preset_answer_path is ../2-map-training-1/presetAnswer.txt
[2019-04-07 11:14:33] INFO [main: CodeCraft-2019.py, 211] answer_path is ../2-map-training-1/answer.txt
[2019-04-07 11:17:50] INFO [main: CodeCraft-2019.py, 207] car_path is ../2-map-training-1/car.txt
[2019-04-07 11:17:50] INFO [main: CodeCraft-2019.py, 208] road_path is ../2-map-training-1/road.txt
[2019-04-07 11:17:50] INFO [main: CodeCraft-2019.py, 209] cross_path is ../2-map-training-1/cross.txt
[2019-04-07 11:17:50] INFO [main: CodeCraft-2019.py, 210] preset_answer_path is ../2-map-training-1/presetAnswer.txt
[2019-04-07 11:17:50] INFO [main: CodeCraft-2019.py, 211] answer_path is ../2-map-training-1/answer.txt
[2019-04-07 11:19:44] INFO [main: CodeCraft-2019.py, 207] car_path is ../2-map-training-1/car.txt
[2019-04-07 11:19:44] INFO [main: CodeCraft-2019.py, 208] road_path is ../2-map-training-1/road.txt
[2019-04-07 11:19:44] INFO [main: CodeCraft-2019.py, 209] cross_path is ../2-map-training-1/cross.txt
[2019-04-07 11:19:44] INFO [main: CodeCraft-2019.py, 210] preset_answer_path is ../2-map-training-1/presetAnswer.txt
[2019-04-07 11:19:44] INFO [main: CodeCraft-2019.py, 211] answer_path is ../2-map-training-1/answer.txt
[2019-04-07 11:38:00] INFO [main: CodeCraft-2019.py, 207] car_path is ../2-map-training-1/car.txt
[2019-04-07 11:38:00] INFO [main: CodeCraft-2019.py, 208] road_path is ../2-map-training-1/road.txt
[2019-04-07 11:38:00] INFO [main: CodeCraft-2019.py, 209] cross_path is ../2-map-training-1/cross.txt
[2019-04-07 11:38:00] INFO [main: CodeCraft-2019.py, 210] preset_answer_path is ../2-map-training-1/presetAnswer.txt
[2019-04-07 11:38:00] INFO [main: CodeCraft-2019.py, 211] answer_path is ../2-map-training-1/answer.txt
[2019-04-07 13:45:07] INFO [main: CodeCraft-2019.py, 207] car_path is ../2-map-training-1/car.txt
[2019-04-07 13:45:07] INFO [main: CodeCraft-2019.py, 208] road_path is ../2-map-training-1/road.txt
[2019-04-07 13:45:07] INFO [main: CodeCraft-2019.py, 209] cross_path is ../2-map-training-1/cross.txt
[2019-04-07 13:45:07] INFO [main: CodeCraft-2019.py, 210] preset_answer_path is ../2-map-training-1/presetAnswer.txt
[2019-04-07 13:45:07] INFO [main: CodeCraft-2019.py, 211] answer_path is ../2-map-training-1/answer.txt
