[2018-12-17 15:47:41] INFO [main: CodeCraft-2019.py, 21] car_path is config/car.txt
[2018-12-17 15:47:41] INFO [main: CodeCraft-2019.py, 22] road_path is config/road.txt
[2018-12-17 15:47:41] INFO [main: CodeCraft-2019.py, 23] cross_path is config/cross.txt
[2018-12-17 15:47:41] INFO [main: CodeCraft-2019.py, 24] answer_path is config/answer.txt[2019-03-15 15:47:07] INFO [main: CodeCraft-2019.py, 21] car_path is config/car.txt
[2019-03-15 15:47:07] INFO [main: CodeCraft-2019.py, 22] road_path is config/road.txt
[2019-03-15 15:47:07] INFO [main: CodeCraft-2019.py, 23] cross_path is config/cross.txt
[2019-03-15 15:47:07] INFO [main: CodeCraft-2019.py, 24] answer_path is config/answer.txt
[2019-03-25 22:10:53] INFO [main: CodeCraft-2019.py, 132] car_path is 1-map-training-1/car.txt
[2019-03-25 22:10:53] INFO [main: CodeCraft-2019.py, 133] road_path is config/road.txt
[2019-03-25 22:10:53] INFO [main: CodeCraft-2019.py, 134] cross_path is 1-map-training-1/cross.txt
[2019-03-25 22:10:53] INFO [main: CodeCraft-2019.py, 135] answer_path is 1-map-training-1/answer.txt
[2019-03-25 22:14:07] INFO [main: CodeCraft-2019.py, 132] car_path is 1-map-training-1/car.txt
[2019-03-25 22:14:07] INFO [main: CodeCraft-2019.py, 133] road_path is config/road.txt
[2019-03-25 22:14:07] INFO [main: CodeCraft-2019.py, 134] cross_path is 1-map-training-1/cross.txt
[2019-03-25 22:14:07] INFO [main: CodeCraft-2019.py, 135] answer_path is 1-map-training-1/answer.txt
[2019-03-25 22:19:18] INFO [main: CodeCraft-2019.py, 130] car_path is 1-map-training-1/car.txt
[2019-03-25 22:19:18] INFO [main: CodeCraft-2019.py, 131] road_path is config/road.txt
[2019-03-25 22:19:18] INFO [main: CodeCraft-2019.py, 132] cross_path is 1-map-training-1/cross.txt
[2019-03-25 22:19:18] INFO [main: CodeCraft-2019.py, 133] answer_path is 1-map-training-1/answer.txt
[2019-03-25 22:20:30] INFO [main: CodeCraft-2019.py, 130] car_path is 1-map-training-1/car.txt
[2019-03-25 22:20:30] INFO [main: CodeCraft-2019.py, 131] road_path is config/road.txt
[2019-03-25 22:20:30] INFO [main: CodeCraft-2019.py, 132] cross_path is 1-map-training-1/cross.txt
[2019-03-25 22:20:30] INFO [main: CodeCraft-2019.py, 133] answer_path is 1-map-training-1/answer.txt
[2019-03-25 22:20:49] INFO [main: CodeCraft-2019.py, 131] car_path is 1-map-training-1/car.txt
[2019-03-25 22:20:49] INFO [main: CodeCraft-2019.py, 132] road_path is config/road.txt
[2019-03-25 22:20:49] INFO [main: CodeCraft-2019.py, 133] cross_path is 1-map-training-1/cross.txt
[2019-03-25 22:20:49] INFO [main: CodeCraft-2019.py, 134] answer_path is 1-map-training-1/answer.txt
[2019-03-25 22:33:09] INFO [main: CodeCraft-2019.py, 132] car_path is 1-map-training-1/car.txt
[2019-03-25 22:33:09] INFO [main: CodeCraft-2019.py, 133] road_path is config/road.txt
[2019-03-25 22:33:09] INFO [main: CodeCraft-2019.py, 134] cross_path is 1-map-training-1/cross.txt
[2019-03-25 22:33:09] INFO [main: CodeCraft-2019.py, 135] answer_path is 1-map-training-1/answer.txt
[2019-03-25 22:37:16] INFO [main: CodeCraft-2019.py, 131] car_path is 1-map-training-1/car.txt
[2019-03-25 22:37:16] INFO [main: CodeCraft-2019.py, 132] road_path is config/road.txt
[2019-03-25 22:37:16] INFO [main: CodeCraft-2019.py, 133] cross_path is 1-map-training-1/cross.txt
[2019-03-25 22:37:16] INFO [main: CodeCraft-2019.py, 134] answer_path is 1-map-training-1/answer.txt
[2019-03-25 22:37:54] INFO [main: CodeCraft-2019.py, 130] car_path is 1-map-training-1/car.txt
[2019-03-25 22:37:54] INFO [main: CodeCraft-2019.py, 131] road_path is config/road.txt
[2019-03-25 22:37:54] INFO [main: CodeCraft-2019.py, 132] cross_path is 1-map-training-1/cross.txt
[2019-03-25 22:37:54] INFO [main: CodeCraft-2019.py, 133] answer_path is 1-map-training-1/answer.txt
[2019-03-25 22:38:46] INFO [main: CodeCraft-2019.py, 130] car_path is 1-map-training-1/car.txt
[2019-03-25 22:38:46] INFO [main: CodeCraft-2019.py, 131] road_path is 1-map-training-1/road.txt
[2019-03-25 22:38:46] INFO [main: CodeCraft-2019.py, 132] cross_path is 1-map-training-1/cross.txt
[2019-03-25 22:38:46] INFO [main: CodeCraft-2019.py, 133] answer_path is 1-map-training-1/answer.txt
[2019-03-25 22:51:23] INFO [main: CodeCraft-2019.py, 132] car_path is 1-map-training-1/car.txt
[2019-03-25 22:51:23] INFO [main: CodeCraft-2019.py, 133] road_path is 1-map-training-1/road.txt
[2019-03-25 22:51:23] INFO [main: CodeCraft-2019.py, 134] cross_path is 1-map-training-1/cross.txt
[2019-03-25 22:51:23] INFO [main: CodeCraft-2019.py, 135] answer_path is 1-map-training-1/answer.txt
[2019-03-25 22:59:53] INFO [main: CodeCraft-2019.py, 132] car_path is 1-map-training-2/car.txt
[2019-03-25 22:59:53] INFO [main: CodeCraft-2019.py, 133] road_path is 1-map-training-2/road.txt
[2019-03-25 22:59:53] INFO [main: CodeCraft-2019.py, 134] cross_path is 1-map-training-2/cross.txt
[2019-03-25 22:59:53] INFO [main: CodeCraft-2019.py, 135] answer_path is 1-map-training-2/answer.txt
